<?xml version="1.0" encoding="UTF-8"?>
<!-- Generated by org.testng.reporters.JUnitReportReporter -->
<testsuite hostname="Vishal" failures="0" tests="1" name="org.SEF_Compassion.TestCases.CompassionCommitmentRN_Individual" time="127.154" errors="0" timestamp="2022-10-02T22:15:47 IST" skipped="0">
  <testcase classname="org.SEF_Compassion.TestCases.CompassionCommitmentRN_Individual" name="commitment" time="127.154"/>
  <system-out/>
</testsuite> <!-- org.SEF_Compassion.TestCases.CompassionCommitmentRN_Individual -->
