<?xml version="1.0" encoding="UTF-8"?>
<!-- Generated by org.testng.reporters.JUnitReportReporter -->
<testsuite hostname="Vishal" failures="0" tests="1" name="org.SEF_Compassion.TestCases.CompassionCommitmentGlobal_Individual" time="160.938" errors="0" timestamp="2022-10-02T22:33:19 IST" skipped="0">
  <testcase classname="org.SEF_Compassion.TestCases.CompassionCommitmentGlobal_Individual" name="commitment" time="160.938"/>
  <system-out/>
</testsuite> <!-- org.SEF_Compassion.TestCases.CompassionCommitmentGlobal_Individual -->
