<?xml version="1.0" encoding="UTF-8"?>
<!-- Generated by org.testng.reporters.JUnitReportReporter -->
<testsuite hostname="Vishal" failures="0" tests="1" name="org.SEF_Compassion.TestCases.CompassionOnlyConstituent" time="101.527" errors="0" timestamp="2022-10-03T12:08:12 IST" skipped="0">
  <testcase classname="org.SEF_Compassion.TestCases.CompassionOnlyConstituent" name="Constituent" time="101.527"/>
  <system-out/>
</testsuite> <!-- org.SEF_Compassion.TestCases.CompassionOnlyConstituent -->
